2018/03/10 14:53:29 [debug] 12189#0: *1 http wait request handler
2018/03/10 14:53:29 [debug] 12189#0: *1 http process request line
2018/03/10 14:53:29 [debug] 12189#0: *1 http request line: "GET /"
2018/03/10 14:53:29 [debug] 12189#0: *1 http uri: "/"
2018/03/10 14:53:29 [debug] 12189#0: *1 http args: ""
2018/03/10 14:53:29 [debug] 12189#0: *1 http exten: ""
2018/03/10 14:53:29 [debug] 12189#0: *1 rewrite phase: 0
2018/03/10 14:53:29 [debug] 12189#0: *1 test location: "/"
2018/03/10 14:53:29 [debug] 12189#0: *1 using configuration "/"
2018/03/10 14:53:29 [debug] 12189#0: *1 http cl:-1 max:1048576
2018/03/10 14:53:29 [debug] 12189#0: *1 rewrite phase: 2
2018/03/10 14:53:29 [debug] 12189#0: *1 post rewrite phase: 3
2018/03/10 14:53:29 [debug] 12189#0: *1 generic phase: 4
2018/03/10 14:53:29 [debug] 12189#0: *1 generic phase: 5
2018/03/10 14:53:29 [debug] 12189#0: *1 access phase: 6
2018/03/10 14:53:29 [debug] 12189#0: *1 access phase: 7
2018/03/10 14:53:29 [debug] 12189#0: *1 post access phase: 8
2018/03/10 14:53:29 [debug] 12189#0: *1 content phase: 9
2018/03/10 14:53:29 [debug] 12189#0: *1 open index "/usr/local/nginx/html/index.html"
2018/03/10 14:53:29 [debug] 12189#0: *1 internal redirect: "/index.html?"
2018/03/10 14:53:29 [debug] 12189#0: *1 rewrite phase: 0
2018/03/10 14:53:29 [debug] 12189#0: *1 test location: "/"
2018/03/10 14:53:29 [debug] 12189#0: *1 test location: "50x.html"
2018/03/10 14:53:29 [debug] 12189#0: *1 using configuration "/"
2018/03/10 14:53:29 [debug] 12189#0: *1 http cl:-1 max:1048576
2018/03/10 14:53:29 [debug] 12189#0: *1 rewrite phase: 2
2018/03/10 14:53:29 [debug] 12189#0: *1 post rewrite phase: 3
2018/03/10 14:53:29 [debug] 12189#0: *1 generic phase: 4
2018/03/10 14:53:29 [debug] 12189#0: *1 generic phase: 5
2018/03/10 14:53:29 [debug] 12189#0: *1 access phase: 6
2018/03/10 14:53:29 [debug] 12189#0: *1 access phase: 7
2018/03/10 14:53:29 [debug] 12189#0: *1 post access phase: 8
2018/03/10 14:53:29 [debug] 12189#0: *1 content phase: 9
2018/03/10 14:53:29 [debug] 12189#0: *1 content phase: 10
2018/03/10 14:53:29 [debug] 12189#0: *1 content phase: 11
2018/03/10 14:53:29 [debug] 12189#0: *1 http filename: "/usr/local/nginx/html/index.html"
2018/03/10 14:53:29 [debug] 12189#0: *1 http static fd: 9
2018/03/10 14:53:29 [debug] 12189#0: *1 http set discard body
2018/03/10 14:53:29 [debug] 12189#0: *1 http output filter "/index.html?"
2018/03/10 14:53:29 [debug] 12189#0: *1 http copy filter: "/index.html?"
2018/03/10 14:53:29 [debug] 12189#0: *1 http postpone filter "/index.html?" 00007FFFFFFFDC00
2018/03/10 14:53:29 [debug] 12189#0: *1 http write filter: l:1 f:0 s:612
2018/03/10 14:53:29 [debug] 12189#0: *1 http write filter limit 0
2018/03/10 14:53:29 [debug] 12189#0: *1 http write filter 0000000000000000
2018/03/10 14:53:29 [debug] 12189#0: *1 http copy filter: 0 "/index.html?"
2018/03/10 14:53:29 [debug] 12189#0: *1 http finalize request: 0, "/index.html?" a:1, c:2
2018/03/10 14:53:29 [debug] 12189#0: *1 http request count:2 blk:0
2018/03/10 14:53:29 [debug] 12189#0: *1 http finalize request: -4, "/index.html?" a:1, c:1
2018/03/10 14:53:29 [debug] 12189#0: *1 http request count:1 blk:0
2018/03/10 14:53:29 [debug] 12189#0: *1 http close request
2018/03/10 14:53:29 [debug] 12189#0: *1 http log handler
2018/03/10 14:53:29 [debug] 12189#0: *1 close http connection: 3
2018/03/12 22:16:31 [debug] 14418#0: *1 http wait request handler
2018/03/12 22:16:31 [debug] 14418#0: *1 http process request line
2018/03/12 22:16:31 [debug] 14418#0: *1 http request line: "GET / jask"
2018/03/12 22:16:31 [debug] 14418#0: *1 http uri: "/ jask"
2018/03/12 22:16:31 [debug] 14418#0: *1 http args: ""
2018/03/12 22:16:31 [debug] 14418#0: *1 http exten: ""
2018/03/12 22:16:31 [debug] 14418#0: *1 rewrite phase: 0
2018/03/12 22:16:31 [debug] 14418#0: *1 test location: "/"
2018/03/12 22:16:31 [debug] 14418#0: *1 test location: "50x.html"
2018/03/12 22:16:31 [debug] 14418#0: *1 using configuration "/"
2018/03/12 22:16:31 [debug] 14418#0: *1 http cl:-1 max:1048576
2018/03/12 22:16:31 [debug] 14418#0: *1 rewrite phase: 2
2018/03/12 22:16:31 [debug] 14418#0: *1 post rewrite phase: 3
2018/03/12 22:16:31 [debug] 14418#0: *1 generic phase: 4
2018/03/12 22:16:31 [debug] 14418#0: *1 generic phase: 5
2018/03/12 22:16:31 [debug] 14418#0: *1 access phase: 6
2018/03/12 22:16:31 [debug] 14418#0: *1 access phase: 7
2018/03/12 22:16:31 [debug] 14418#0: *1 post access phase: 8
2018/03/12 22:16:31 [debug] 14418#0: *1 content phase: 9
2018/03/12 22:16:31 [debug] 14418#0: *1 content phase: 10
2018/03/12 22:16:31 [debug] 14418#0: *1 content phase: 11
2018/03/12 22:16:31 [debug] 14418#0: *1 http filename: "/usr/local/nginx/html/ jask"
2018/03/12 22:16:31 [error] 14418#0: *1 open() "/usr/local/nginx/html/ jask" failed (2: No such file or directory), client: 0.0.0.0, server: localhost, request: "GET / jask"
2018/03/12 22:16:31 [debug] 14418#0: *1 http finalize request: 404, "/ jask?" a:1, c:1
2018/03/12 22:16:31 [debug] 14418#0: *1 http special response: 404, "/ jask?"
2018/03/12 22:16:31 [debug] 14418#0: *1 http set discard body
2018/03/12 22:16:31 [debug] 14418#0: *1 http output filter "/ jask?"
2018/03/12 22:16:31 [debug] 14418#0: *1 http copy filter: "/ jask?"
2018/03/12 22:16:31 [debug] 14418#0: *1 http postpone filter "/ jask?" 000000000226E730
2018/03/12 22:16:31 [debug] 14418#0: *1 http write filter: l:1 f:0 s:169
2018/03/12 22:16:31 [debug] 14418#0: *1 http write filter limit 0
2018/03/12 22:16:31 [debug] 14418#0: *1 http write filter 0000000000000000
2018/03/12 22:16:31 [debug] 14418#0: *1 http copy filter: 0 "/ jask?"
2018/03/12 22:16:31 [debug] 14418#0: *1 http finalize request: 0, "/ jask?" a:1, c:1
2018/03/12 22:16:31 [debug] 14418#0: *1 http request count:1 blk:0
2018/03/12 22:16:31 [debug] 14418#0: *1 http close request
2018/03/12 22:16:31 [debug] 14418#0: *1 http log handler
2018/03/12 22:16:31 [debug] 14418#0: *1 close http connection: 3
2018/03/12 22:29:34 [debug] 14477#0: *1 http wait request handler
2018/03/12 22:29:34 [debug] 14477#0: *1 http process request line
2018/03/12 22:29:34 [debug] 14477#0: *1 http request line: "GET /"
2018/03/12 22:29:34 [debug] 14477#0: *1 http uri: "/"
2018/03/12 22:29:34 [debug] 14477#0: *1 http args: ""
2018/03/12 22:29:34 [debug] 14477#0: *1 http exten: ""
2018/03/12 22:29:34 [debug] 14477#0: *1 rewrite phase: 0
2018/03/12 22:29:34 [debug] 14477#0: *1 test location: "/"
2018/03/12 22:29:34 [debug] 14477#0: *1 using configuration "/"
2018/03/12 22:29:34 [debug] 14477#0: *1 http cl:-1 max:1048576
2018/03/12 22:29:34 [debug] 14477#0: *1 rewrite phase: 2
2018/03/12 22:29:34 [debug] 14477#0: *1 post rewrite phase: 3
2018/03/12 22:29:34 [debug] 14477#0: *1 generic phase: 4
2018/03/12 22:29:34 [debug] 14477#0: *1 generic phase: 5
2018/03/12 22:29:34 [debug] 14477#0: *1 access phase: 6
2018/03/12 22:29:34 [debug] 14477#0: *1 access phase: 7
2018/03/12 22:29:34 [debug] 14477#0: *1 post access phase: 8
2018/03/12 22:29:34 [debug] 14477#0: *1 content phase: 9
2018/03/12 22:29:34 [debug] 14477#0: *1 open index "/usr/local/nginx/html/index.html"
2018/03/12 22:29:34 [debug] 14477#0: *1 internal redirect: "/index.html?"
2018/03/12 22:29:34 [debug] 14477#0: *1 rewrite phase: 0
2018/03/12 22:29:34 [debug] 14477#0: *1 test location: "/"
2018/03/12 22:29:34 [debug] 14477#0: *1 test location: "50x.html"
2018/03/12 22:29:34 [debug] 14477#0: *1 using configuration "/"
2018/03/12 22:29:34 [debug] 14477#0: *1 http cl:-1 max:1048576
2018/03/12 22:29:34 [debug] 14477#0: *1 rewrite phase: 2
2018/03/12 22:29:34 [debug] 14477#0: *1 post rewrite phase: 3
2018/03/12 22:29:34 [debug] 14477#0: *1 generic phase: 4
2018/03/12 22:29:34 [debug] 14477#0: *1 generic phase: 5
2018/03/12 22:29:34 [debug] 14477#0: *1 access phase: 6
2018/03/12 22:29:34 [debug] 14477#0: *1 access phase: 7
2018/03/12 22:29:34 [debug] 14477#0: *1 post access phase: 8
2018/03/12 22:29:34 [debug] 14477#0: *1 content phase: 9
2018/03/12 22:29:34 [debug] 14477#0: *1 content phase: 10
2018/03/12 22:29:34 [debug] 14477#0: *1 content phase: 11
2018/03/12 22:29:34 [debug] 14477#0: *1 http filename: "/usr/local/nginx/html/index.html"
2018/03/12 22:29:34 [debug] 14477#0: *1 http static fd: 9
2018/03/12 22:29:34 [debug] 14477#0: *1 http set discard body
2018/03/12 22:29:34 [debug] 14477#0: *1 http output filter "/index.html?"
2018/03/12 22:29:34 [debug] 14477#0: *1 http copy filter: "/index.html?"
2018/03/12 22:29:34 [debug] 14477#0: *1 http postpone filter "/index.html?" 00007FFE2AB82490
2018/03/12 22:29:34 [debug] 14477#0: *1 http write filter: l:1 f:0 s:612
2018/03/12 22:29:34 [debug] 14477#0: *1 http write filter limit 0
2018/03/12 22:29:34 [debug] 14477#0: *1 http write filter 0000000000000000
2018/03/12 22:29:34 [debug] 14477#0: *1 http copy filter: 0 "/index.html?"
2018/03/12 22:29:34 [debug] 14477#0: *1 http finalize request: 0, "/index.html?" a:1, c:2
2018/03/12 22:29:34 [debug] 14477#0: *1 http request count:2 blk:0
2018/03/12 22:29:34 [debug] 14477#0: *1 http finalize request: -4, "/index.html?" a:1, c:1
2018/03/12 22:29:34 [debug] 14477#0: *1 http request count:1 blk:0
2018/03/12 22:29:34 [debug] 14477#0: *1 http close request
2018/03/12 22:29:34 [debug] 14477#0: *1 http log handler
2018/03/12 22:29:34 [debug] 14477#0: *1 close http connection: 3
2018/03/12 22:41:08 [debug] 14547#0: *1 http wait request handler
2018/03/12 22:41:08 [debug] 14547#0: *1 http process request line
2018/03/12 22:41:08 [debug] 14547#0: *1 http request line: "GET / HTTP/1.1"
2018/03/12 22:41:08 [debug] 14547#0: *1 http uri: "/"
2018/03/12 22:41:08 [debug] 14547#0: *1 http args: ""
2018/03/12 22:41:08 [debug] 14547#0: *1 http exten: ""
2018/03/12 22:41:08 [debug] 14547#0: *1 http process request header line
2018/03/12 22:41:08 [debug] 14547#0: *1 http header: "Host: localhost:8088"
2018/03/12 22:41:08 [debug] 14547#0: *1 http header: "User-Agent: curl/7.47.0"
2018/03/12 22:41:08 [debug] 14547#0: *1 http header: "Accept: */*"
2018/03/12 22:41:08 [debug] 14547#0: *1 http header done
2018/03/12 22:41:08 [debug] 14547#0: *1 rewrite phase: 0
2018/03/12 22:41:08 [debug] 14547#0: *1 test location: "/"
2018/03/12 22:41:08 [debug] 14547#0: *1 using configuration "/"
2018/03/12 22:41:08 [debug] 14547#0: *1 http cl:-1 max:1048576
2018/03/12 22:41:08 [debug] 14547#0: *1 rewrite phase: 2
2018/03/12 22:41:08 [debug] 14547#0: *1 post rewrite phase: 3
2018/03/12 22:41:08 [debug] 14547#0: *1 generic phase: 4
2018/03/12 22:41:08 [debug] 14547#0: *1 generic phase: 5
2018/03/12 22:41:08 [debug] 14547#0: *1 access phase: 6
2018/03/12 22:41:08 [debug] 14547#0: *1 access phase: 7
2018/03/12 22:41:08 [debug] 14547#0: *1 post access phase: 8
2018/03/12 22:41:08 [debug] 14547#0: *1 content phase: 9
2018/03/12 22:41:08 [debug] 14547#0: *1 open index "/usr/local/nginx/html/index.html"
2018/03/12 22:41:08 [debug] 14547#0: *1 internal redirect: "/index.html?"
2018/03/12 22:41:08 [debug] 14547#0: *1 rewrite phase: 0
2018/03/12 22:41:08 [debug] 14547#0: *1 test location: "/"
2018/03/12 22:41:08 [debug] 14547#0: *1 test location: "50x.html"
2018/03/12 22:41:08 [debug] 14547#0: *1 using configuration "/"
2018/03/12 22:41:08 [debug] 14547#0: *1 http cl:-1 max:1048576
2018/03/12 22:41:08 [debug] 14547#0: *1 rewrite phase: 2
2018/03/12 22:41:08 [debug] 14547#0: *1 post rewrite phase: 3
2018/03/12 22:41:08 [debug] 14547#0: *1 generic phase: 4
2018/03/12 22:41:08 [debug] 14547#0: *1 generic phase: 5
2018/03/12 22:41:08 [debug] 14547#0: *1 access phase: 6
2018/03/12 22:41:08 [debug] 14547#0: *1 access phase: 7
2018/03/12 22:41:08 [debug] 14547#0: *1 post access phase: 8
2018/03/12 22:41:08 [debug] 14547#0: *1 content phase: 9
2018/03/12 22:41:08 [debug] 14547#0: *1 content phase: 10
2018/03/12 22:41:08 [debug] 14547#0: *1 content phase: 11
2018/03/12 22:41:08 [debug] 14547#0: *1 http filename: "/usr/local/nginx/html/index.html"
2018/03/12 22:41:08 [debug] 14547#0: *1 http static fd: 8
2018/03/12 22:41:08 [debug] 14547#0: *1 http set discard body
2018/03/12 22:41:08 [debug] 14547#0: *1 HTTP/1.1 200 OK
Server: nginx/1.12.2
Date: Mon, 12 Mar 2018 14:41:08 GMT
Content-Type: text/html
Content-Length: 612
Last-Modified: Tue, 23 Jan 2018 13:28:14 GMT
Connection: keep-alive
ETag: "5a67386e-264"
Accept-Ranges: bytes

2018/03/12 22:41:08 [debug] 14547#0: *1 http write filter: l:0 f:0 s:238
2018/03/12 22:41:08 [debug] 14547#0: *1 http output filter "/index.html?"
2018/03/12 22:41:08 [debug] 14547#0: *1 http copy filter: "/index.html?"
2018/03/12 22:41:08 [debug] 14547#0: *1 http postpone filter "/index.html?" 00007FFD430F78A0
2018/03/12 22:41:08 [debug] 14547#0: *1 http write filter: l:1 f:0 s:850
2018/03/12 22:41:08 [debug] 14547#0: *1 http write filter limit 0
2018/03/12 22:41:08 [debug] 14547#0: *1 http write filter 0000000000000000
2018/03/12 22:41:08 [debug] 14547#0: *1 http copy filter: 0 "/index.html?"
2018/03/12 22:41:08 [debug] 14547#0: *1 http finalize request: 0, "/index.html?" a:1, c:2
2018/03/12 22:41:08 [debug] 14547#0: *1 http request count:2 blk:0
2018/03/12 22:41:08 [debug] 14547#0: *1 http finalize request: -4, "/index.html?" a:1, c:1
2018/03/12 22:41:08 [debug] 14547#0: *1 set http keepalive handler
2018/03/12 22:41:08 [debug] 14547#0: *1 http close request
2018/03/12 22:41:08 [debug] 14547#0: *1 http log handler
2018/03/12 22:41:08 [debug] 14547#0: *1 hc free: 0000000000000000
2018/03/12 22:41:08 [debug] 14547#0: *1 hc busy: 0000000000000000 0
2018/03/12 22:41:08 [debug] 14547#0: *1 tcp_nodelay
2018/03/12 22:41:56 [debug] 14786#0: *1 http wait request handler
2018/03/12 22:41:56 [debug] 14786#0: *1 http process request line
2018/03/12 22:41:56 [debug] 14786#0: *1 http request line: "GET / HTTP/1.1"
2018/03/12 22:41:56 [debug] 14786#0: *1 http uri: "/"
2018/03/12 22:41:56 [debug] 14786#0: *1 http args: ""
2018/03/12 22:41:56 [debug] 14786#0: *1 http exten: ""
2018/03/12 22:41:56 [debug] 14786#0: *1 http process request header line
2018/03/12 22:41:56 [debug] 14786#0: *1 http header: "Host: localhost:8088"
2018/03/12 22:41:56 [debug] 14786#0: *1 http header: "User-Agent: curl/7.47.0"
2018/03/12 22:41:56 [debug] 14786#0: *1 http header: "Accept: */*"
2018/03/12 22:41:56 [debug] 14786#0: *1 http header done
2018/03/12 22:41:56 [debug] 14786#0: *1 rewrite phase: 0
2018/03/12 22:41:56 [debug] 14786#0: *1 test location: "/"
2018/03/12 22:41:56 [debug] 14786#0: *1 using configuration "/"
2018/03/12 22:41:56 [debug] 14786#0: *1 http cl:-1 max:1048576
2018/03/12 22:41:56 [debug] 14786#0: *1 rewrite phase: 2
2018/03/12 22:41:56 [debug] 14786#0: *1 post rewrite phase: 3
2018/03/12 22:41:56 [debug] 14786#0: *1 generic phase: 4
2018/03/12 22:41:56 [debug] 14786#0: *1 generic phase: 5
2018/03/12 22:41:56 [debug] 14786#0: *1 access phase: 6
2018/03/12 22:41:56 [debug] 14786#0: *1 access phase: 7
2018/03/12 22:41:56 [debug] 14786#0: *1 post access phase: 8
2018/03/12 22:41:56 [debug] 14786#0: *1 content phase: 9
2018/03/12 22:41:56 [debug] 14786#0: *1 open index "/usr/local/nginx/html/index.html"
2018/03/12 22:41:56 [debug] 14786#0: *1 internal redirect: "/index.html?"
2018/03/12 22:41:56 [debug] 14786#0: *1 rewrite phase: 0
2018/03/12 22:41:56 [debug] 14786#0: *1 test location: "/"
2018/03/12 22:41:56 [debug] 14786#0: *1 test location: "50x.html"
2018/03/12 22:41:56 [debug] 14786#0: *1 using configuration "/"
2018/03/12 22:41:56 [debug] 14786#0: *1 http cl:-1 max:1048576
2018/03/12 22:41:56 [debug] 14786#0: *1 rewrite phase: 2
2018/03/12 22:41:56 [debug] 14786#0: *1 post rewrite phase: 3
2018/03/12 22:41:56 [debug] 14786#0: *1 generic phase: 4
2018/03/12 22:41:56 [debug] 14786#0: *1 generic phase: 5
2018/03/12 22:41:56 [debug] 14786#0: *1 access phase: 6
2018/03/12 22:41:56 [debug] 14786#0: *1 access phase: 7
2018/03/12 22:41:56 [debug] 14786#0: *1 post access phase: 8
2018/03/12 22:41:56 [debug] 14786#0: *1 content phase: 9
2018/03/12 22:41:56 [debug] 14786#0: *1 content phase: 10
2018/03/12 22:41:56 [debug] 14786#0: *1 content phase: 11
2018/03/12 22:41:56 [debug] 14786#0: *1 http filename: "/usr/local/nginx/html/index.html"
2018/03/12 22:41:56 [debug] 14786#0: *1 http static fd: 8
2018/03/12 22:41:56 [debug] 14786#0: *1 http set discard body
2018/03/12 22:41:56 [debug] 14786#0: *1 HTTP/1.1 200 OK
Server: nginx/1.12.2
Date: Mon, 12 Mar 2018 14:41:56 GMT
Content-Type: text/html
Content-Length: 612
Last-Modified: Tue, 23 Jan 2018 13:28:14 GMT
Connection: keep-alive
ETag: "5a67386e-264"
Accept-Ranges: bytes

2018/03/12 22:41:56 [debug] 14786#0: *1 http write filter: l:0 f:0 s:238
2018/03/12 22:41:56 [debug] 14786#0: *1 http output filter "/index.html?"
2018/03/12 22:41:56 [debug] 14786#0: *1 http copy filter: "/index.html?"
2018/03/12 22:41:56 [debug] 14786#0: *1 http postpone filter "/index.html?" 00007FFFFFFFDBB0
2018/03/12 22:41:56 [debug] 14786#0: *1 http write filter: l:1 f:0 s:850
2018/03/12 22:41:56 [debug] 14786#0: *1 http write filter limit 0
2018/03/12 22:41:56 [debug] 14786#0: *1 http write filter 0000000000000000
2018/03/12 22:41:56 [debug] 14786#0: *1 http copy filter: 0 "/index.html?"
2018/03/12 22:41:56 [debug] 14786#0: *1 http finalize request: 0, "/index.html?" a:1, c:2
2018/03/12 22:41:56 [debug] 14786#0: *1 http request count:2 blk:0
2018/03/12 22:41:56 [debug] 14786#0: *1 http finalize request: -4, "/index.html?" a:1, c:1
2018/03/12 22:41:56 [debug] 14786#0: *1 set http keepalive handler
2018/03/12 22:41:56 [debug] 14786#0: *1 http close request
2018/03/12 22:41:56 [debug] 14786#0: *1 http log handler
2018/03/12 22:41:56 [debug] 14786#0: *1 hc free: 0000000000000000
2018/03/12 22:41:56 [debug] 14786#0: *1 hc busy: 0000000000000000 0
2018/03/12 22:41:56 [debug] 14786#0: *1 tcp_nodelay
